::1 - - [15/Nov/2015:07:48:19 +0000] "GET / HTTP/1.1" 200 4580 "-" "Mozilla/5.0 (Macintosh; Intel Mac OS X 10_11_1) AppleWebKit/537.36 (KHTML, like Gecko) Chrome/46.0.2490.86 Safari/537.36"
::1 - - [15/Nov/2015:07:48:20 +0000] "GET /bower_components/angular-material/angular-material.min.css HTTP/1.1" 200 4563 "http://localhost:3000/" "Mozilla/5.0 (Macintosh; Intel Mac OS X 10_11_1) AppleWebKit/537.36 (KHTML, like Gecko) Chrome/46.0.2490.86 Safari/537.36"
::1 - - [15/Nov/2015:07:48:20 +0000] "GET /stylesheets/font.css HTTP/1.1" 200 2113 "http://localhost:3000/" "Mozilla/5.0 (Macintosh; Intel Mac OS X 10_11_1) AppleWebKit/537.36 (KHTML, like Gecko) Chrome/46.0.2490.86 Safari/537.36"
::1 - - [15/Nov/2015:07:48:20 +0000] "GET /stylesheets/style.css HTTP/1.1" 200 4810 "http://localhost:3000/" "Mozilla/5.0 (Macintosh; Intel Mac OS X 10_11_1) AppleWebKit/537.36 (KHTML, like Gecko) Chrome/46.0.2490.86 Safari/537.36"
::1 - - [15/Nov/2015:07:48:20 +0000] "GET /bower_components/hammerjs/hammer.min.js HTTP/1.1" 200 18358 "http://localhost:3000/" "Mozilla/5.0 (Macintosh; Intel Mac OS X 10_11_1) AppleWebKit/537.36 (KHTML, like Gecko) Chrome/46.0.2490.86 Safari/537.36"
::1 - - [15/Nov/2015:07:48:20 +0000] "GET /bower_components/angular-ui-router/release/angular-ui-router.min.js HTTP/1.1" 200 30439 "http://localhost:3000/" "Mozilla/5.0 (Macintosh; Intel Mac OS X 10_11_1) AppleWebKit/537.36 (KHTML, like Gecko) Chrome/46.0.2490.86 Safari/537.36"
::1 - - [15/Nov/2015:07:48:20 +0000] "GET /bower_components/angular-animate/angular-animate.min.js HTTP/1.1" 200 25532 "http://localhost:3000/" "Mozilla/5.0 (Macintosh; Intel Mac OS X 10_11_1) AppleWebKit/537.36 (KHTML, like Gecko) Chrome/46.0.2490.86 Safari/537.36"
::1 - - [15/Nov/2015:07:48:20 +0000] "GET /bower_components/angular-messages/angular-messages.min.js HTTP/1.1" 200 2748 "http://localhost:3000/" "Mozilla/5.0 (Macintosh; Intel Mac OS X 10_11_1) AppleWebKit/537.36 (KHTML, like Gecko) Chrome/46.0.2490.86 Safari/537.36"
::1 - - [15/Nov/2015:07:48:20 +0000] "GET /bower_components/angular-material/angular-material.min.js HTTP/1.1" 200 4562 "http://localhost:3000/" "Mozilla/5.0 (Macintosh; Intel Mac OS X 10_11_1) AppleWebKit/537.36 (KHTML, like Gecko) Chrome/46.0.2490.86 Safari/537.36"
::1 - - [15/Nov/2015:07:48:20 +0000] "GET /bower_components/angular-aria/angular-aria.min.js HTTP/1.1" 200 3765 "http://localhost:3000/" "Mozilla/5.0 (Macintosh; Intel Mac OS X 10_11_1) AppleWebKit/537.36 (KHTML, like Gecko) Chrome/46.0.2490.86 Safari/537.36"
::1 - - [15/Nov/2015:07:48:20 +0000] "GET /bower_components/angular/angular.min.js HTTP/1.1" 200 147735 "http://localhost:3000/" "Mozilla/5.0 (Macintosh; Intel Mac OS X 10_11_1) AppleWebKit/537.36 (KHTML, like Gecko) Chrome/46.0.2490.86 Safari/537.36"
::1 - - [15/Nov/2015:07:48:20 +0000] "GET /bower_components/angular-resource/angular-resource.min.js HTTP/1.1" 200 3678 "http://localhost:3000/" "Mozilla/5.0 (Macintosh; Intel Mac OS X 10_11_1) AppleWebKit/537.36 (KHTML, like Gecko) Chrome/46.0.2490.86 Safari/537.36"
::1 - - [15/Nov/2015:07:48:20 +0000] "GET /bower_components/angular-i18n/angular-locale_ja-jp.js HTTP/1.1" 200 2252 "http://localhost:3000/" "Mozilla/5.0 (Macintosh; Intel Mac OS X 10_11_1) AppleWebKit/537.36 (KHTML, like Gecko) Chrome/46.0.2490.86 Safari/537.36"
::1 - - [15/Nov/2015:07:48:20 +0000] "GET /bower_components/angular-socket-io/socket.min.js HTTP/1.1" 200 1291 "http://localhost:3000/" "Mozilla/5.0 (Macintosh; Intel Mac OS X 10_11_1) AppleWebKit/537.36 (KHTML, like Gecko) Chrome/46.0.2490.86 Safari/537.36"
::1 - - [15/Nov/2015:07:48:20 +0000] "GET /bower_components/lodash/lodash.min.js HTTP/1.1" 200 50543 "http://localhost:3000/" "Mozilla/5.0 (Macintosh; Intel Mac OS X 10_11_1) AppleWebKit/537.36 (KHTML, like Gecko) Chrome/46.0.2490.86 Safari/537.36"
::1 - - [15/Nov/2015:07:48:20 +0000] "GET /bower_components/angular-material-icons/angular-material-icons.min.js HTTP/1.1" 200 186382 "http://localhost:3000/" "Mozilla/5.0 (Macintosh; Intel Mac OS X 10_11_1) AppleWebKit/537.36 (KHTML, like Gecko) Chrome/46.0.2490.86 Safari/537.36"
::1 - - [15/Nov/2015:07:48:20 +0000] "GET /bower_components/fabric/dist/fabric.min.js HTTP/1.1" 200 228077 "http://localhost:3000/" "Mozilla/5.0 (Macintosh; Intel Mac OS X 10_11_1) AppleWebKit/537.36 (KHTML, like Gecko) Chrome/46.0.2490.86 Safari/537.36"
::1 - - [15/Nov/2015:07:48:20 +0000] "GET /javascripts/TopApplication.min.js HTTP/1.1" 200 668 "http://localhost:3000/" "Mozilla/5.0 (Macintosh; Intel Mac OS X 10_11_1) AppleWebKit/537.36 (KHTML, like Gecko) Chrome/46.0.2490.86 Safari/537.36"
::1 - - [15/Nov/2015:07:48:20 +0000] "GET /bower_components/ng-flow/dist/ng-flow-standalone.min.js HTTP/1.1" 200 18003 "http://localhost:3000/" "Mozilla/5.0 (Macintosh; Intel Mac OS X 10_11_1) AppleWebKit/537.36 (KHTML, like Gecko) Chrome/46.0.2490.86 Safari/537.36"
::1 - - [15/Nov/2015:07:48:20 +0000] "GET /bower_components/canvas2image/canvas2image/canvas2image.js HTTP/1.1" 200 7580 "http://localhost:3000/" "Mozilla/5.0 (Macintosh; Intel Mac OS X 10_11_1) AppleWebKit/537.36 (KHTML, like Gecko) Chrome/46.0.2490.86 Safari/537.36"
::1 - - [15/Nov/2015:07:48:20 +0000] "GET /bower_components/jquery/dist/jquery.min.js HTTP/1.1" 200 84380 "http://localhost:3000/" "Mozilla/5.0 (Macintosh; Intel Mac OS X 10_11_1) AppleWebKit/537.36 (KHTML, like Gecko) Chrome/46.0.2490.86 Safari/537.36"
::1 - - [15/Nov/2015:07:48:20 +0000] "GET /bower_components/svg-morpheus/compile/minified/svg-morpheus.js HTTP/1.1" 200 4567 "http://localhost:3000/" "Mozilla/5.0 (Macintosh; Intel Mac OS X 10_11_1) AppleWebKit/537.36 (KHTML, like Gecko) Chrome/46.0.2490.86 Safari/537.36"
::1 - - [15/Nov/2015:07:48:20 +0000] "GET /bower_components/hammerjs/hammer.min.map HTTP/1.1" 304 - "-" "Mozilla/5.0 (Macintosh; Intel Mac OS X 10_11_1) AppleWebKit/537.36 (KHTML, like Gecko) Chrome/46.0.2490.86 Safari/537.36"
::1 - - [15/Nov/2015:07:48:20 +0000] "GET /bower_components/angular/angular.min.js.map HTTP/1.1" 304 - "-" "Mozilla/5.0 (Macintosh; Intel Mac OS X 10_11_1) AppleWebKit/537.36 (KHTML, like Gecko) Chrome/46.0.2490.86 Safari/537.36"
::1 - - [15/Nov/2015:07:48:20 +0000] "GET /javascripts/TopControllers.min.js HTTP/1.1" 200 167 "http://localhost:3000/" "Mozilla/5.0 (Macintosh; Intel Mac OS X 10_11_1) AppleWebKit/537.36 (KHTML, like Gecko) Chrome/46.0.2490.86 Safari/537.36"
::1 - - [15/Nov/2015:07:48:20 +0000] "GET /bower_components/angular-animate/angular-animate.min.js.map HTTP/1.1" 304 - "-" "Mozilla/5.0 (Macintosh; Intel Mac OS X 10_11_1) AppleWebKit/537.36 (KHTML, like Gecko) Chrome/46.0.2490.86 Safari/537.36"
::1 - - [15/Nov/2015:07:48:20 +0000] "GET /bower_components/angular-messages/angular-messages.min.js.map HTTP/1.1" 304 - "-" "Mozilla/5.0 (Macintosh; Intel Mac OS X 10_11_1) AppleWebKit/537.36 (KHTML, like Gecko) Chrome/46.0.2490.86 Safari/537.36"
::1 - - [15/Nov/2015:07:48:20 +0000] "GET /bower_components/angular-aria/angular-aria.min.js.map HTTP/1.1" 304 - "-" "Mozilla/5.0 (Macintosh; Intel Mac OS X 10_11_1) AppleWebKit/537.36 (KHTML, like Gecko) Chrome/46.0.2490.86 Safari/537.36"
::1 - - [15/Nov/2015:07:48:20 +0000] "GET /bower_components/angular-resource/angular-resource.min.js.map HTTP/1.1" 304 - "-" "Mozilla/5.0 (Macintosh; Intel Mac OS X 10_11_1) AppleWebKit/537.36 (KHTML, like Gecko) Chrome/46.0.2490.86 Safari/537.36"
::1 - - [15/Nov/2015:07:48:20 +0000] "GET /bower_components/angular-socket-io/socket.min.js.map HTTP/1.1" 304 - "-" "Mozilla/5.0 (Macintosh; Intel Mac OS X 10_11_1) AppleWebKit/537.36 (KHTML, like Gecko) Chrome/46.0.2490.86 Safari/537.36"
::1 - - [15/Nov/2015:07:48:20 +0000] "GET /bower_components/jquery/dist/jquery.min.map HTTP/1.1" 304 - "-" "Mozilla/5.0 (Macintosh; Intel Mac OS X 10_11_1) AppleWebKit/537.36 (KHTML, like Gecko) Chrome/46.0.2490.86 Safari/537.36"
::1 - - [15/Nov/2015:07:48:20 +0000] "GET /font/woff/NotoSansBold.woff HTTP/1.1" 200 565584 "http://localhost:3000/stylesheets/font.css" "Mozilla/5.0 (Macintosh; Intel Mac OS X 10_11_1) AppleWebKit/537.36 (KHTML, like Gecko) Chrome/46.0.2490.86 Safari/537.36"
::1 - - [15/Nov/2015:07:48:20 +0000] "GET /font/woff/NotoSansRegular.woff HTTP/1.1" 200 559648 "http://localhost:3000/stylesheets/font.css" "Mozilla/5.0 (Macintosh; Intel Mac OS X 10_11_1) AppleWebKit/537.36 (KHTML, like Gecko) Chrome/46.0.2490.86 Safari/537.36"
::1 - - [15/Nov/2015:07:48:21 +0000] "GET /bower_components/angular/angular.js HTTP/1.1" 304 - "-" "Mozilla/5.0 (Macintosh; Intel Mac OS X 10_11_1) AppleWebKit/537.36 (KHTML, like Gecko) Chrome/46.0.2490.86 Safari/537.36"
::1 - - [15/Nov/2015:07:57:17 +0000] "GET /favicons/favicon-16x16.png HTTP/1.1" 200 549 "http://localhost:3000/" "Mozilla/5.0 (Macintosh; Intel Mac OS X 10_11_1) AppleWebKit/537.36 (KHTML, like Gecko) Chrome/46.0.2490.86 Safari/537.36"
::1 - - [15/Nov/2015:07:57:17 +0000] "GET /favicons/favicon-96x96.png HTTP/1.1" 200 2654 "http://localhost:3000/" "Mozilla/5.0 (Macintosh; Intel Mac OS X 10_11_1) AppleWebKit/537.36 (KHTML, like Gecko) Chrome/46.0.2490.86 Safari/537.36"
::1 - - [15/Nov/2015:07:57:17 +0000] "GET /favicons/android-chrome-192x192.png HTTP/1.1" 200 4364 "http://localhost:3000/" "Mozilla/5.0 (Macintosh; Intel Mac OS X 10_11_1) AppleWebKit/537.36 (KHTML, like Gecko) Chrome/46.0.2490.86 Safari/537.36"
::1 - - [15/Nov/2015:08:00:56 +0000] "GET / HTTP/1.1" 304 - "-" "Mozilla/5.0 (Macintosh; Intel Mac OS X 10_11_1) AppleWebKit/537.36 (KHTML, like Gecko) Chrome/46.0.2490.86 Safari/537.36"
::1 - - [15/Nov/2015:08:00:56 +0000] "GET /bower_components/angular-ui-router/release/angular-ui-router.min.js HTTP/1.1" 304 - "http://localhost:3000/" "Mozilla/5.0 (Macintosh; Intel Mac OS X 10_11_1) AppleWebKit/537.36 (KHTML, like Gecko) Chrome/46.0.2490.86 Safari/537.36"
::1 - - [15/Nov/2015:08:00:56 +0000] "GET /stylesheets/font.css HTTP/1.1" 304 - "http://localhost:3000/" "Mozilla/5.0 (Macintosh; Intel Mac OS X 10_11_1) AppleWebKit/537.36 (KHTML, like Gecko) Chrome/46.0.2490.86 Safari/537.36"
::1 - - [15/Nov/2015:08:00:56 +0000] "GET /stylesheets/style.css HTTP/1.1" 304 - "http://localhost:3000/" "Mozilla/5.0 (Macintosh; Intel Mac OS X 10_11_1) AppleWebKit/537.36 (KHTML, like Gecko) Chrome/46.0.2490.86 Safari/537.36"
::1 - - [15/Nov/2015:08:00:56 +0000] "GET /bower_components/hammerjs/hammer.min.js HTTP/1.1" 304 - "http://localhost:3000/" "Mozilla/5.0 (Macintosh; Intel Mac OS X 10_11_1) AppleWebKit/537.36 (KHTML, like Gecko) Chrome/46.0.2490.86 Safari/537.36"
::1 - - [15/Nov/2015:08:00:56 +0000] "GET /bower_components/angular/angular.min.js HTTP/1.1" 304 - "http://localhost:3000/" "Mozilla/5.0 (Macintosh; Intel Mac OS X 10_11_1) AppleWebKit/537.36 (KHTML, like Gecko) Chrome/46.0.2490.86 Safari/537.36"
::1 - - [15/Nov/2015:08:00:56 +0000] "GET /bower_components/angular-aria/angular-aria.min.js HTTP/1.1" 304 - "http://localhost:3000/" "Mozilla/5.0 (Macintosh; Intel Mac OS X 10_11_1) AppleWebKit/537.36 (KHTML, like Gecko) Chrome/46.0.2490.86 Safari/537.36"
::1 - - [15/Nov/2015:08:00:56 +0000] "GET /bower_components/angular-material/angular-material.min.css HTTP/1.1" 200 203134 "http://localhost:3000/" "Mozilla/5.0 (Macintosh; Intel Mac OS X 10_11_1) AppleWebKit/537.36 (KHTML, like Gecko) Chrome/46.0.2490.86 Safari/537.36"
::1 - - [15/Nov/2015:08:00:56 +0000] "GET /bower_components/angular-animate/angular-animate.min.js HTTP/1.1" 304 - "http://localhost:3000/" "Mozilla/5.0 (Macintosh; Intel Mac OS X 10_11_1) AppleWebKit/537.36 (KHTML, like Gecko) Chrome/46.0.2490.86 Safari/537.36"
::1 - - [15/Nov/2015:08:00:56 +0000] "GET /bower_components/angular-messages/angular-messages.min.js HTTP/1.1" 304 - "http://localhost:3000/" "Mozilla/5.0 (Macintosh; Intel Mac OS X 10_11_1) AppleWebKit/537.36 (KHTML, like Gecko) Chrome/46.0.2490.86 Safari/537.36"
::1 - - [15/Nov/2015:08:00:56 +0000] "GET /bower_components/angular-material-icons/angular-material-icons.min.js HTTP/1.1" 304 - "http://localhost:3000/" "Mozilla/5.0 (Macintosh; Intel Mac OS X 10_11_1) AppleWebKit/537.36 (KHTML, like Gecko) Chrome/46.0.2490.86 Safari/537.36"
::1 - - [15/Nov/2015:08:00:56 +0000] "GET /bower_components/angular-resource/angular-resource.min.js HTTP/1.1" 304 - "http://localhost:3000/" "Mozilla/5.0 (Macintosh; Intel Mac OS X 10_11_1) AppleWebKit/537.36 (KHTML, like Gecko) Chrome/46.0.2490.86 Safari/537.36"
::1 - - [15/Nov/2015:08:00:56 +0000] "GET /bower_components/angular-i18n/angular-locale_ja-jp.js HTTP/1.1" 304 - "http://localhost:3000/" "Mozilla/5.0 (Macintosh; Intel Mac OS X 10_11_1) AppleWebKit/537.36 (KHTML, like Gecko) Chrome/46.0.2490.86 Safari/537.36"
::1 - - [15/Nov/2015:08:00:56 +0000] "GET /bower_components/angular-socket-io/socket.min.js HTTP/1.1" 304 - "http://localhost:3000/" "Mozilla/5.0 (Macintosh; Intel Mac OS X 10_11_1) AppleWebKit/537.36 (KHTML, like Gecko) Chrome/46.0.2490.86 Safari/537.36"
::1 - - [15/Nov/2015:08:00:56 +0000] "GET /bower_components/ng-flow/dist/ng-flow-standalone.min.js HTTP/1.1" 304 - "http://localhost:3000/" "Mozilla/5.0 (Macintosh; Intel Mac OS X 10_11_1) AppleWebKit/537.36 (KHTML, like Gecko) Chrome/46.0.2490.86 Safari/537.36"
::1 - - [15/Nov/2015:08:00:56 +0000] "GET /bower_components/lodash/lodash.min.js HTTP/1.1" 304 - "http://localhost:3000/" "Mozilla/5.0 (Macintosh; Intel Mac OS X 10_11_1) AppleWebKit/537.36 (KHTML, like Gecko) Chrome/46.0.2490.86 Safari/537.36"
::1 - - [15/Nov/2015:08:00:56 +0000] "GET /bower_components/angular-material/angular-material.min.js HTTP/1.1" 200 275438 "http://localhost:3000/" "Mozilla/5.0 (Macintosh; Intel Mac OS X 10_11_1) AppleWebKit/537.36 (KHTML, like Gecko) Chrome/46.0.2490.86 Safari/537.36"
::1 - - [15/Nov/2015:08:00:56 +0000] "GET /bower_components/fabric/dist/fabric.min.js HTTP/1.1" 304 - "http://localhost:3000/" "Mozilla/5.0 (Macintosh; Intel Mac OS X 10_11_1) AppleWebKit/537.36 (KHTML, like Gecko) Chrome/46.0.2490.86 Safari/537.36"
::1 - - [15/Nov/2015:08:00:56 +0000] "GET /bower_components/jquery/dist/jquery.min.js HTTP/1.1" 304 - "http://localhost:3000/" "Mozilla/5.0 (Macintosh; Intel Mac OS X 10_11_1) AppleWebKit/537.36 (KHTML, like Gecko) Chrome/46.0.2490.86 Safari/537.36"
::1 - - [15/Nov/2015:08:00:56 +0000] "GET /bower_components/svg-morpheus/compile/minified/svg-morpheus.js HTTP/1.1" 304 - "http://localhost:3000/" "Mozilla/5.0 (Macintosh; Intel Mac OS X 10_11_1) AppleWebKit/537.36 (KHTML, like Gecko) Chrome/46.0.2490.86 Safari/537.36"
::1 - - [15/Nov/2015:08:00:56 +0000] "GET /bower_components/canvas2image/canvas2image/canvas2image.js HTTP/1.1" 304 - "http://localhost:3000/" "Mozilla/5.0 (Macintosh; Intel Mac OS X 10_11_1) AppleWebKit/537.36 (KHTML, like Gecko) Chrome/46.0.2490.86 Safari/537.36"
::1 - - [15/Nov/2015:08:00:56 +0000] "GET /javascripts/TopApplication.min.js HTTP/1.1" 304 - "http://localhost:3000/" "Mozilla/5.0 (Macintosh; Intel Mac OS X 10_11_1) AppleWebKit/537.36 (KHTML, like Gecko) Chrome/46.0.2490.86 Safari/537.36"
::1 - - [15/Nov/2015:08:00:56 +0000] "GET /javascripts/TopControllers.min.js HTTP/1.1" 304 - "http://localhost:3000/" "Mozilla/5.0 (Macintosh; Intel Mac OS X 10_11_1) AppleWebKit/537.36 (KHTML, like Gecko) Chrome/46.0.2490.86 Safari/537.36"
::1 - - [15/Nov/2015:08:00:56 +0000] "GET /font/woff/NotoSansRegular.woff HTTP/1.1" 304 - "http://localhost:3000/stylesheets/font.css" "Mozilla/5.0 (Macintosh; Intel Mac OS X 10_11_1) AppleWebKit/537.36 (KHTML, like Gecko) Chrome/46.0.2490.86 Safari/537.36"
::1 - - [15/Nov/2015:08:00:56 +0000] "GET /bower_components/angular-material-icons/angular-material-icons.min.js HTTP/1.1" 304 - "http://localhost:3000/" "Mozilla/5.0 (Macintosh; Intel Mac OS X 10_11_1) AppleWebKit/537.36 (KHTML, like Gecko) Chrome/46.0.2490.86 Safari/537.36"
::1 - - [15/Nov/2015:08:00:56 +0000] "GET /bower_components/fabric/dist/fabric.min.js HTTP/1.1" 304 - "http://localhost:3000/" "Mozilla/5.0 (Macintosh; Intel Mac OS X 10_11_1) AppleWebKit/537.36 (KHTML, like Gecko) Chrome/46.0.2490.86 Safari/537.36"
::1 - - [15/Nov/2015:08:00:56 +0000] "GET /bower_components/jquery/dist/jquery.min.js HTTP/1.1" 304 - "http://localhost:3000/" "Mozilla/5.0 (Macintosh; Intel Mac OS X 10_11_1) AppleWebKit/537.36 (KHTML, like Gecko) Chrome/46.0.2490.86 Safari/537.36"
::1 - - [15/Nov/2015:08:00:56 +0000] "GET /bower_components/canvas2image/canvas2image/canvas2image.js HTTP/1.1" 304 - "http://localhost:3000/" "Mozilla/5.0 (Macintosh; Intel Mac OS X 10_11_1) AppleWebKit/537.36 (KHTML, like Gecko) Chrome/46.0.2490.86 Safari/537.36"
::1 - - [15/Nov/2015:08:00:56 +0000] "GET /bower_components/svg-morpheus/compile/minified/svg-morpheus.js HTTP/1.1" 304 - "http://localhost:3000/" "Mozilla/5.0 (Macintosh; Intel Mac OS X 10_11_1) AppleWebKit/537.36 (KHTML, like Gecko) Chrome/46.0.2490.86 Safari/537.36"
::1 - - [15/Nov/2015:08:00:56 +0000] "GET /font/woff/NotoSansMedium.woff HTTP/1.1" 200 560868 "http://localhost:3000/stylesheets/font.css" "Mozilla/5.0 (Macintosh; Intel Mac OS X 10_11_1) AppleWebKit/537.36 (KHTML, like Gecko) Chrome/46.0.2490.86 Safari/537.36"
::1 - - [15/Nov/2015:08:00:56 +0000] "GET /partials/logo HTTP/1.1" 304 - "http://localhost:3000/" "Mozilla/5.0 (Macintosh; Intel Mac OS X 10_11_1) AppleWebKit/537.36 (KHTML, like Gecko) Chrome/46.0.2490.86 Safari/537.36"
::1 - - [15/Nov/2015:08:00:56 +0000] "GET /images/openstar.svg HTTP/1.1" 200 25254 "http://localhost:3000/" "Mozilla/5.0 (Macintosh; Intel Mac OS X 10_11_1) AppleWebKit/537.36 (KHTML, like Gecko) Chrome/46.0.2490.86 Safari/537.36"
::1 - - [15/Nov/2015:08:00:56 +0000] "GET /images/seventh-code.svg HTTP/1.1" 200 20220 "http://localhost:3000/" "Mozilla/5.0 (Macintosh; Intel Mac OS X 10_11_1) AppleWebKit/537.36 (KHTML, like Gecko) Chrome/46.0.2490.86 Safari/537.36"
::1 - - [15/Nov/2015:08:00:56 +0000] "GET /images/wmonsin.svg HTTP/1.1" 200 17001 "http://localhost:3000/" "Mozilla/5.0 (Macintosh; Intel Mac OS X 10_11_1) AppleWebKit/537.36 (KHTML, like Gecko) Chrome/46.0.2490.86 Safari/537.36"
::1 - - [15/Nov/2015:08:00:57 +0000] "GET /favicons/favicon-16x16.png HTTP/1.1" 304 - "http://localhost:3000/" "Mozilla/5.0 (Macintosh; Intel Mac OS X 10_11_1) AppleWebKit/537.36 (KHTML, like Gecko) Chrome/46.0.2490.86 Safari/537.36"
::1 - - [15/Nov/2015:08:00:57 +0000] "GET /favicons/favicon-96x96.png HTTP/1.1" 304 - "http://localhost:3000/" "Mozilla/5.0 (Macintosh; Intel Mac OS X 10_11_1) AppleWebKit/537.36 (KHTML, like Gecko) Chrome/46.0.2490.86 Safari/537.36"
::1 - - [15/Nov/2015:08:00:57 +0000] "GET /favicons/android-chrome-192x192.png HTTP/1.1" 304 - "http://localhost:3000/" "Mozilla/5.0 (Macintosh; Intel Mac OS X 10_11_1) AppleWebKit/537.36 (KHTML, like Gecko) Chrome/46.0.2490.86 Safari/537.36"
::1 - - [15/Nov/2015:08:01:03 +0000] "GET /backend/ HTTP/1.1" 200 9601 "http://localhost:3000/" "Mozilla/5.0 (Macintosh; Intel Mac OS X 10_11_1) AppleWebKit/537.36 (KHTML, like Gecko) Chrome/46.0.2490.86 Safari/537.36"
::1 - - [15/Nov/2015:08:01:03 +0000] "GET /bower_components/angular-ui-router/release/angular-ui-router.min.js HTTP/1.1" 304 - "http://localhost:3000/backend/" "Mozilla/5.0 (Macintosh; Intel Mac OS X 10_11_1) AppleWebKit/537.36 (KHTML, like Gecko) Chrome/46.0.2490.86 Safari/537.36"
::1 - - [15/Nov/2015:08:01:03 +0000] "GET /bower_components/hammerjs/hammer.min.js HTTP/1.1" 304 - "http://localhost:3000/backend/" "Mozilla/5.0 (Macintosh; Intel Mac OS X 10_11_1) AppleWebKit/537.36 (KHTML, like Gecko) Chrome/46.0.2490.86 Safari/537.36"
::1 - - [15/Nov/2015:08:01:03 +0000] "GET /bower_components/angular-material/angular-material.min.css HTTP/1.1" 304 - "http://localhost:3000/backend/" "Mozilla/5.0 (Macintosh; Intel Mac OS X 10_11_1) AppleWebKit/537.36 (KHTML, like Gecko) Chrome/46.0.2490.86 Safari/537.36"
::1 - - [15/Nov/2015:08:01:03 +0000] "GET /bower_components/angular/angular.min.js HTTP/1.1" 304 - "http://localhost:3000/backend/" "Mozilla/5.0 (Macintosh; Intel Mac OS X 10_11_1) AppleWebKit/537.36 (KHTML, like Gecko) Chrome/46.0.2490.86 Safari/537.36"
::1 - - [15/Nov/2015:08:01:03 +0000] "GET /stylesheets/font.css HTTP/1.1" 304 - "http://localhost:3000/backend/" "Mozilla/5.0 (Macintosh; Intel Mac OS X 10_11_1) AppleWebKit/537.36 (KHTML, like Gecko) Chrome/46.0.2490.86 Safari/537.36"
::1 - - [15/Nov/2015:08:01:03 +0000] "GET /stylesheets/style.css HTTP/1.1" 304 - "http://localhost:3000/backend/" "Mozilla/5.0 (Macintosh; Intel Mac OS X 10_11_1) AppleWebKit/537.36 (KHTML, like Gecko) Chrome/46.0.2490.86 Safari/537.36"
::1 - - [15/Nov/2015:08:01:03 +0000] "GET /bower_components/angular-animate/angular-animate.min.js HTTP/1.1" 304 - "http://localhost:3000/backend/" "Mozilla/5.0 (Macintosh; Intel Mac OS X 10_11_1) AppleWebKit/537.36 (KHTML, like Gecko) Chrome/46.0.2490.86 Safari/537.36"
::1 - - [15/Nov/2015:08:01:03 +0000] "GET /bower_components/angular-messages/angular-messages.min.js HTTP/1.1" 304 - "http://localhost:3000/backend/" "Mozilla/5.0 (Macintosh; Intel Mac OS X 10_11_1) AppleWebKit/537.36 (KHTML, like Gecko) Chrome/46.0.2490.86 Safari/537.36"
::1 - - [15/Nov/2015:08:01:03 +0000] "GET /bower_components/angular-resource/angular-resource.min.js HTTP/1.1" 304 - "http://localhost:3000/backend/" "Mozilla/5.0 (Macintosh; Intel Mac OS X 10_11_1) AppleWebKit/537.36 (KHTML, like Gecko) Chrome/46.0.2490.86 Safari/537.36"
::1 - - [15/Nov/2015:08:01:03 +0000] "GET /bower_components/angular-aria/angular-aria.min.js HTTP/1.1" 304 - "http://localhost:3000/backend/" "Mozilla/5.0 (Macintosh; Intel Mac OS X 10_11_1) AppleWebKit/537.36 (KHTML, like Gecko) Chrome/46.0.2490.86 Safari/537.36"
::1 - - [15/Nov/2015:08:01:03 +0000] "GET /bower_components/angular-material/angular-material.min.js HTTP/1.1" 304 - "http://localhost:3000/backend/" "Mozilla/5.0 (Macintosh; Intel Mac OS X 10_11_1) AppleWebKit/537.36 (KHTML, like Gecko) Chrome/46.0.2490.86 Safari/537.36"
::1 - - [15/Nov/2015:08:01:03 +0000] "GET /bower_components/angular-material-icons/angular-material-icons.min.js HTTP/1.1" 304 - "http://localhost:3000/backend/" "Mozilla/5.0 (Macintosh; Intel Mac OS X 10_11_1) AppleWebKit/537.36 (KHTML, like Gecko) Chrome/46.0.2490.86 Safari/537.36"
::1 - - [15/Nov/2015:08:01:03 +0000] "GET /bower_components/angular-i18n/angular-locale_ja-jp.js HTTP/1.1" 304 - "http://localhost:3000/backend/" "Mozilla/5.0 (Macintosh; Intel Mac OS X 10_11_1) AppleWebKit/537.36 (KHTML, like Gecko) Chrome/46.0.2490.86 Safari/537.36"
::1 - - [15/Nov/2015:08:01:03 +0000] "GET /bower_components/angular-socket-io/socket.min.js HTTP/1.1" 304 - "http://localhost:3000/backend/" "Mozilla/5.0 (Macintosh; Intel Mac OS X 10_11_1) AppleWebKit/537.36 (KHTML, like Gecko) Chrome/46.0.2490.86 Safari/537.36"
::1 - - [15/Nov/2015:08:01:03 +0000] "GET /bower_components/ng-flow/dist/ng-flow-standalone.min.js HTTP/1.1" 304 - "http://localhost:3000/backend/" "Mozilla/5.0 (Macintosh; Intel Mac OS X 10_11_1) AppleWebKit/537.36 (KHTML, like Gecko) Chrome/46.0.2490.86 Safari/537.36"
::1 - - [15/Nov/2015:08:01:03 +0000] "GET /bower_components/lodash/lodash.min.js HTTP/1.1" 304 - "http://localhost:3000/backend/" "Mozilla/5.0 (Macintosh; Intel Mac OS X 10_11_1) AppleWebKit/537.36 (KHTML, like Gecko) Chrome/46.0.2490.86 Safari/537.36"
::1 - - [15/Nov/2015:08:01:03 +0000] "GET /bower_components/fabric/dist/fabric.min.js HTTP/1.1" 304 - "http://localhost:3000/backend/" "Mozilla/5.0 (Macintosh; Intel Mac OS X 10_11_1) AppleWebKit/537.36 (KHTML, like Gecko) Chrome/46.0.2490.86 Safari/537.36"
::1 - - [15/Nov/2015:08:01:03 +0000] "GET /bower_components/jquery/dist/jquery.min.js HTTP/1.1" 304 - "http://localhost:3000/backend/" "Mozilla/5.0 (Macintosh; Intel Mac OS X 10_11_1) AppleWebKit/537.36 (KHTML, like Gecko) Chrome/46.0.2490.86 Safari/537.36"
::1 - - [15/Nov/2015:08:01:03 +0000] "GET /bower_components/canvas2image/canvas2image/canvas2image.js HTTP/1.1" 304 - "http://localhost:3000/backend/" "Mozilla/5.0 (Macintosh; Intel Mac OS X 10_11_1) AppleWebKit/537.36 (KHTML, like Gecko) Chrome/46.0.2490.86 Safari/537.36"
::1 - - [15/Nov/2015:08:01:03 +0000] "GET /backend/javascripts/AccountApplication.min.js HTTP/1.1" 200 2016 "http://localhost:3000/backend/" "Mozilla/5.0 (Macintosh; Intel Mac OS X 10_11_1) AppleWebKit/537.36 (KHTML, like Gecko) Chrome/46.0.2490.86 Safari/537.36"
::1 - - [15/Nov/2015:08:01:03 +0000] "GET /backend/javascripts/AccountControllers.min.js HTTP/1.1" 200 30332 "http://localhost:3000/backend/" "Mozilla/5.0 (Macintosh; Intel Mac OS X 10_11_1) AppleWebKit/537.36 (KHTML, like Gecko) Chrome/46.0.2490.86 Safari/537.36"
::1 - - [15/Nov/2015:08:01:03 +0000] "GET /bower_components/svg-morpheus/compile/minified/svg-morpheus.js HTTP/1.1" 304 - "http://localhost:3000/backend/" "Mozilla/5.0 (Macintosh; Intel Mac OS X 10_11_1) AppleWebKit/537.36 (KHTML, like Gecko) Chrome/46.0.2490.86 Safari/537.36"
::1 - - [15/Nov/2015:08:01:03 +0000] "GET /javascripts/TopControllers.min.js HTTP/1.1" 304 - "http://localhost:3000/backend/" "Mozilla/5.0 (Macintosh; Intel Mac OS X 10_11_1) AppleWebKit/537.36 (KHTML, like Gecko) Chrome/46.0.2490.86 Safari/537.36"
::1 - - [15/Nov/2015:08:01:03 +0000] "GET /backend/partials/patient/start HTTP/1.1" 304 - "http://localhost:3000/backend/" "Mozilla/5.0 (Macintosh; Intel Mac OS X 10_11_1) AppleWebKit/537.36 (KHTML, like Gecko) Chrome/46.0.2490.86 Safari/537.36"
::1 - - [15/Nov/2015:08:01:03 +0000] "GET /favicons/favicon-16x16.png HTTP/1.1" 304 - "http://localhost:3000/backend/" "Mozilla/5.0 (Macintosh; Intel Mac OS X 10_11_1) AppleWebKit/537.36 (KHTML, like Gecko) Chrome/46.0.2490.86 Safari/537.36"
::1 - - [15/Nov/2015:08:01:03 +0000] "GET /favicons/favicon-96x96.png HTTP/1.1" 304 - "http://localhost:3000/backend/" "Mozilla/5.0 (Macintosh; Intel Mac OS X 10_11_1) AppleWebKit/537.36 (KHTML, like Gecko) Chrome/46.0.2490.86 Safari/537.36"
::1 - - [15/Nov/2015:08:01:03 +0000] "GET /favicons/android-chrome-192x192.png HTTP/1.1" 304 - "http://localhost:3000/backend/" "Mozilla/5.0 (Macintosh; Intel Mac OS X 10_11_1) AppleWebKit/537.36 (KHTML, like Gecko) Chrome/46.0.2490.86 Safari/537.36"
::1 - - [15/Nov/2015:08:09:02 +0000] "GET / HTTP/1.1" 304 - "-" "Mozilla/5.0 (Macintosh; Intel Mac OS X 10_11_1) AppleWebKit/537.36 (KHTML, like Gecko) Chrome/46.0.2490.86 Safari/537.36"
::1 - - [15/Nov/2015:08:09:02 +0000] "GET /bower_components/angular-material/angular-material.min.css HTTP/1.1" 304 - "http://localhost:3000/" "Mozilla/5.0 (Macintosh; Intel Mac OS X 10_11_1) AppleWebKit/537.36 (KHTML, like Gecko) Chrome/46.0.2490.86 Safari/537.36"
::1 - - [15/Nov/2015:08:09:02 +0000] "GET /stylesheets/font.css HTTP/1.1" 304 - "http://localhost:3000/" "Mozilla/5.0 (Macintosh; Intel Mac OS X 10_11_1) AppleWebKit/537.36 (KHTML, like Gecko) Chrome/46.0.2490.86 Safari/537.36"
::1 - - [15/Nov/2015:08:09:02 +0000] "GET /stylesheets/style.css HTTP/1.1" 304 - "http://localhost:3000/" "Mozilla/5.0 (Macintosh; Intel Mac OS X 10_11_1) AppleWebKit/537.36 (KHTML, like Gecko) Chrome/46.0.2490.86 Safari/537.36"
::1 - - [15/Nov/2015:08:09:02 +0000] "GET /bower_components/hammerjs/hammer.min.js HTTP/1.1" 304 - "http://localhost:3000/" "Mozilla/5.0 (Macintosh; Intel Mac OS X 10_11_1) AppleWebKit/537.36 (KHTML, like Gecko) Chrome/46.0.2490.86 Safari/537.36"
::1 - - [15/Nov/2015:08:09:02 +0000] "GET /bower_components/angular/angular.min.js HTTP/1.1" 304 - "http://localhost:3000/" "Mozilla/5.0 (Macintosh; Intel Mac OS X 10_11_1) AppleWebKit/537.36 (KHTML, like Gecko) Chrome/46.0.2490.86 Safari/537.36"
::1 - - [15/Nov/2015:08:09:02 +0000] "GET /bower_components/angular-ui-router/release/angular-ui-router.min.js HTTP/1.1" 304 - "http://localhost:3000/" "Mozilla/5.0 (Macintosh; Intel Mac OS X 10_11_1) AppleWebKit/537.36 (KHTML, like Gecko) Chrome/46.0.2490.86 Safari/537.36"
::1 - - [15/Nov/2015:08:09:02 +0000] "GET /bower_components/angular-animate/angular-animate.min.js HTTP/1.1" 304 - "http://localhost:3000/" "Mozilla/5.0 (Macintosh; Intel Mac OS X 10_11_1) AppleWebKit/537.36 (KHTML, like Gecko) Chrome/46.0.2490.86 Safari/537.36"
::1 - - [15/Nov/2015:08:09:02 +0000] "GET /bower_components/angular-material/angular-material.min.js HTTP/1.1" 304 - "http://localhost:3000/" "Mozilla/5.0 (Macintosh; Intel Mac OS X 10_11_1) AppleWebKit/537.36 (KHTML, like Gecko) Chrome/46.0.2490.86 Safari/537.36"
::1 - - [15/Nov/2015:08:09:02 +0000] "GET /bower_components/angular-messages/angular-messages.min.js HTTP/1.1" 304 - "http://localhost:3000/" "Mozilla/5.0 (Macintosh; Intel Mac OS X 10_11_1) AppleWebKit/537.36 (KHTML, like Gecko) Chrome/46.0.2490.86 Safari/537.36"
::1 - - [15/Nov/2015:08:09:02 +0000] "GET /bower_components/angular-aria/angular-aria.min.js HTTP/1.1" 304 - "http://localhost:3000/" "Mozilla/5.0 (Macintosh; Intel Mac OS X 10_11_1) AppleWebKit/537.36 (KHTML, like Gecko) Chrome/46.0.2490.86 Safari/537.36"
::1 - - [15/Nov/2015:08:09:02 +0000] "GET /bower_components/angular-material-icons/angular-material-icons.min.js HTTP/1.1" 304 - "http://localhost:3000/" "Mozilla/5.0 (Macintosh; Intel Mac OS X 10_11_1) AppleWebKit/537.36 (KHTML, like Gecko) Chrome/46.0.2490.86 Safari/537.36"
::1 - - [15/Nov/2015:08:09:02 +0000] "GET /bower_components/angular-resource/angular-resource.min.js HTTP/1.1" 304 - "http://localhost:3000/" "Mozilla/5.0 (Macintosh; Intel Mac OS X 10_11_1) AppleWebKit/537.36 (KHTML, like Gecko) Chrome/46.0.2490.86 Safari/537.36"
::1 - - [15/Nov/2015:08:09:02 +0000] "GET /bower_components/angular-i18n/angular-locale_ja-jp.js HTTP/1.1" 304 - "http://localhost:3000/" "Mozilla/5.0 (Macintosh; Intel Mac OS X 10_11_1) AppleWebKit/537.36 (KHTML, like Gecko) Chrome/46.0.2490.86 Safari/537.36"
::1 - - [15/Nov/2015:08:09:02 +0000] "GET /bower_components/angular-socket-io/socket.min.js HTTP/1.1" 304 - "http://localhost:3000/" "Mozilla/5.0 (Macintosh; Intel Mac OS X 10_11_1) AppleWebKit/537.36 (KHTML, like Gecko) Chrome/46.0.2490.86 Safari/537.36"
::1 - - [15/Nov/2015:08:09:02 +0000] "GET /bower_components/ng-flow/dist/ng-flow-standalone.min.js HTTP/1.1" 304 - "http://localhost:3000/" "Mozilla/5.0 (Macintosh; Intel Mac OS X 10_11_1) AppleWebKit/537.36 (KHTML, like Gecko) Chrome/46.0.2490.86 Safari/537.36"
::1 - - [15/Nov/2015:08:09:02 +0000] "GET /bower_components/jquery/dist/jquery.min.js HTTP/1.1" 304 - "http://localhost:3000/" "Mozilla/5.0 (Macintosh; Intel Mac OS X 10_11_1) AppleWebKit/537.36 (KHTML, like Gecko) Chrome/46.0.2490.86 Safari/537.36"
::1 - - [15/Nov/2015:08:09:02 +0000] "GET /bower_components/lodash/lodash.min.js HTTP/1.1" 304 - "http://localhost:3000/" "Mozilla/5.0 (Macintosh; Intel Mac OS X 10_11_1) AppleWebKit/537.36 (KHTML, like Gecko) Chrome/46.0.2490.86 Safari/537.36"
::1 - - [15/Nov/2015:08:09:02 +0000] "GET /bower_components/fabric/dist/fabric.min.js HTTP/1.1" 304 - "http://localhost:3000/" "Mozilla/5.0 (Macintosh; Intel Mac OS X 10_11_1) AppleWebKit/537.36 (KHTML, like Gecko) Chrome/46.0.2490.86 Safari/537.36"
::1 - - [15/Nov/2015:08:09:02 +0000] "GET /bower_components/canvas2image/canvas2image/canvas2image.js HTTP/1.1" 200 7580 "http://localhost:3000/" "Mozilla/5.0 (Macintosh; Intel Mac OS X 10_11_1) AppleWebKit/537.36 (KHTML, like Gecko) Chrome/46.0.2490.86 Safari/537.36"
::1 - - [15/Nov/2015:08:09:02 +0000] "GET /javascripts/TopApplication.min.js HTTP/1.1" 304 - "http://localhost:3000/" "Mozilla/5.0 (Macintosh; Intel Mac OS X 10_11_1) AppleWebKit/537.36 (KHTML, like Gecko) Chrome/46.0.2490.86 Safari/537.36"
::1 - - [15/Nov/2015:08:09:02 +0000] "GET /bower_components/svg-morpheus/compile/minified/svg-morpheus.js HTTP/1.1" 200 21988 "http://localhost:3000/" "Mozilla/5.0 (Macintosh; Intel Mac OS X 10_11_1) AppleWebKit/537.36 (KHTML, like Gecko) Chrome/46.0.2490.86 Safari/537.36"
::1 - - [15/Nov/2015:08:09:02 +0000] "GET /javascripts/TopControllers.min.js HTTP/1.1" 304 - "http://localhost:3000/" "Mozilla/5.0 (Macintosh; Intel Mac OS X 10_11_1) AppleWebKit/537.36 (KHTML, like Gecko) Chrome/46.0.2490.86 Safari/537.36"
::1 - - [15/Nov/2015:08:09:02 +0000] "GET /partials/logo HTTP/1.1" 304 - "http://localhost:3000/" "Mozilla/5.0 (Macintosh; Intel Mac OS X 10_11_1) AppleWebKit/537.36 (KHTML, like Gecko) Chrome/46.0.2490.86 Safari/537.36"
::1 - - [15/Nov/2015:08:09:03 +0000] "GET /images/wmonsin.svg HTTP/1.1" 304 - "http://localhost:3000/" "Mozilla/5.0 (Macintosh; Intel Mac OS X 10_11_1) AppleWebKit/537.36 (KHTML, like Gecko) Chrome/46.0.2490.86 Safari/537.36"
::1 - - [15/Nov/2015:08:09:03 +0000] "GET /images/openstar.svg HTTP/1.1" 304 - "http://localhost:3000/" "Mozilla/5.0 (Macintosh; Intel Mac OS X 10_11_1) AppleWebKit/537.36 (KHTML, like Gecko) Chrome/46.0.2490.86 Safari/537.36"
::1 - - [15/Nov/2015:08:09:03 +0000] "GET /images/seventh-code.svg HTTP/1.1" 304 - "http://localhost:3000/" "Mozilla/5.0 (Macintosh; Intel Mac OS X 10_11_1) AppleWebKit/537.36 (KHTML, like Gecko) Chrome/46.0.2490.86 Safari/537.36"
::1 - - [15/Nov/2015:08:09:03 +0000] "GET /favicons/favicon-16x16.png HTTP/1.1" 304 - "http://localhost:3000/" "Mozilla/5.0 (Macintosh; Intel Mac OS X 10_11_1) AppleWebKit/537.36 (KHTML, like Gecko) Chrome/46.0.2490.86 Safari/537.36"
::1 - - [15/Nov/2015:08:09:03 +0000] "GET /favicons/favicon-96x96.png HTTP/1.1" 304 - "http://localhost:3000/" "Mozilla/5.0 (Macintosh; Intel Mac OS X 10_11_1) AppleWebKit/537.36 (KHTML, like Gecko) Chrome/46.0.2490.86 Safari/537.36"
::1 - - [15/Nov/2015:08:09:03 +0000] "GET /favicons/android-chrome-192x192.png HTTP/1.1" 304 - "http://localhost:3000/" "Mozilla/5.0 (Macintosh; Intel Mac OS X 10_11_1) AppleWebKit/537.36 (KHTML, like Gecko) Chrome/46.0.2490.86 Safari/537.36"
::1 - - [15/Nov/2015:08:09:09 +0000] "GET /backend/ HTTP/1.1" 304 - "http://localhost:3000/" "Mozilla/5.0 (Macintosh; Intel Mac OS X 10_11_1) AppleWebKit/537.36 (KHTML, like Gecko) Chrome/46.0.2490.86 Safari/537.36"
::1 - - [15/Nov/2015:08:09:09 +0000] "GET /stylesheets/style.css HTTP/1.1" 304 - "http://localhost:3000/backend/" "Mozilla/5.0 (Macintosh; Intel Mac OS X 10_11_1) AppleWebKit/537.36 (KHTML, like Gecko) Chrome/46.0.2490.86 Safari/537.36"
::1 - - [15/Nov/2015:08:09:09 +0000] "GET /bower_components/angular-material/angular-material.min.css HTTP/1.1" 304 - "http://localhost:3000/backend/" "Mozilla/5.0 (Macintosh; Intel Mac OS X 10_11_1) AppleWebKit/537.36 (KHTML, like Gecko) Chrome/46.0.2490.86 Safari/537.36"
::1 - - [15/Nov/2015:08:09:09 +0000] "GET /bower_components/angular/angular.min.js HTTP/1.1" 304 - "http://localhost:3000/backend/" "Mozilla/5.0 (Macintosh; Intel Mac OS X 10_11_1) AppleWebKit/537.36 (KHTML, like Gecko) Chrome/46.0.2490.86 Safari/537.36"
::1 - - [15/Nov/2015:08:09:09 +0000] "GET /bower_components/angular-ui-router/release/angular-ui-router.min.js HTTP/1.1" 304 - "http://localhost:3000/backend/" "Mozilla/5.0 (Macintosh; Intel Mac OS X 10_11_1) AppleWebKit/537.36 (KHTML, like Gecko) Chrome/46.0.2490.86 Safari/537.36"
::1 - - [15/Nov/2015:08:09:09 +0000] "GET /stylesheets/font.css HTTP/1.1" 304 - "http://localhost:3000/backend/" "Mozilla/5.0 (Macintosh; Intel Mac OS X 10_11_1) AppleWebKit/537.36 (KHTML, like Gecko) Chrome/46.0.2490.86 Safari/537.36"
::1 - - [15/Nov/2015:08:09:09 +0000] "GET /bower_components/hammerjs/hammer.min.js HTTP/1.1" 304 - "http://localhost:3000/backend/" "Mozilla/5.0 (Macintosh; Intel Mac OS X 10_11_1) AppleWebKit/537.36 (KHTML, like Gecko) Chrome/46.0.2490.86 Safari/537.36"
::1 - - [15/Nov/2015:08:09:09 +0000] "GET /bower_components/angular-animate/angular-animate.min.js HTTP/1.1" 304 - "http://localhost:3000/backend/" "Mozilla/5.0 (Macintosh; Intel Mac OS X 10_11_1) AppleWebKit/537.36 (KHTML, like Gecko) Chrome/46.0.2490.86 Safari/537.36"
::1 - - [15/Nov/2015:08:09:09 +0000] "GET /bower_components/angular-resource/angular-resource.min.js HTTP/1.1" 304 - "http://localhost:3000/backend/" "Mozilla/5.0 (Macintosh; Intel Mac OS X 10_11_1) AppleWebKit/537.36 (KHTML, like Gecko) Chrome/46.0.2490.86 Safari/537.36"
::1 - - [15/Nov/2015:08:09:09 +0000] "GET /bower_components/angular-aria/angular-aria.min.js HTTP/1.1" 304 - "http://localhost:3000/backend/" "Mozilla/5.0 (Macintosh; Intel Mac OS X 10_11_1) AppleWebKit/537.36 (KHTML, like Gecko) Chrome/46.0.2490.86 Safari/537.36"
::1 - - [15/Nov/2015:08:09:09 +0000] "GET /bower_components/angular-material/angular-material.min.js HTTP/1.1" 304 - "http://localhost:3000/backend/" "Mozilla/5.0 (Macintosh; Intel Mac OS X 10_11_1) AppleWebKit/537.36 (KHTML, like Gecko) Chrome/46.0.2490.86 Safari/537.36"
::1 - - [15/Nov/2015:08:09:09 +0000] "GET /bower_components/angular-messages/angular-messages.min.js HTTP/1.1" 304 - "http://localhost:3000/backend/" "Mozilla/5.0 (Macintosh; Intel Mac OS X 10_11_1) AppleWebKit/537.36 (KHTML, like Gecko) Chrome/46.0.2490.86 Safari/537.36"
::1 - - [15/Nov/2015:08:09:09 +0000] "GET /bower_components/angular-material-icons/angular-material-icons.min.js HTTP/1.1" 304 - "http://localhost:3000/backend/" "Mozilla/5.0 (Macintosh; Intel Mac OS X 10_11_1) AppleWebKit/537.36 (KHTML, like Gecko) Chrome/46.0.2490.86 Safari/537.36"
::1 - - [15/Nov/2015:08:09:09 +0000] "GET /bower_components/angular-i18n/angular-locale_ja-jp.js HTTP/1.1" 304 - "http://localhost:3000/backend/" "Mozilla/5.0 (Macintosh; Intel Mac OS X 10_11_1) AppleWebKit/537.36 (KHTML, like Gecko) Chrome/46.0.2490.86 Safari/537.36"
::1 - - [15/Nov/2015:08:09:09 +0000] "GET /bower_components/angular-socket-io/socket.min.js HTTP/1.1" 304 - "http://localhost:3000/backend/" "Mozilla/5.0 (Macintosh; Intel Mac OS X 10_11_1) AppleWebKit/537.36 (KHTML, like Gecko) Chrome/46.0.2490.86 Safari/537.36"
::1 - - [15/Nov/2015:08:09:09 +0000] "GET /bower_components/jquery/dist/jquery.min.js HTTP/1.1" 304 - "http://localhost:3000/backend/" "Mozilla/5.0 (Macintosh; Intel Mac OS X 10_11_1) AppleWebKit/537.36 (KHTML, like Gecko) Chrome/46.0.2490.86 Safari/537.36"
::1 - - [15/Nov/2015:08:09:09 +0000] "GET /bower_components/ng-flow/dist/ng-flow-standalone.min.js HTTP/1.1" 304 - "http://localhost:3000/backend/" "Mozilla/5.0 (Macintosh; Intel Mac OS X 10_11_1) AppleWebKit/537.36 (KHTML, like Gecko) Chrome/46.0.2490.86 Safari/537.36"
::1 - - [15/Nov/2015:08:09:09 +0000] "GET /bower_components/lodash/lodash.min.js HTTP/1.1" 304 - "http://localhost:3000/backend/" "Mozilla/5.0 (Macintosh; Intel Mac OS X 10_11_1) AppleWebKit/537.36 (KHTML, like Gecko) Chrome/46.0.2490.86 Safari/537.36"
::1 - - [15/Nov/2015:08:09:09 +0000] "GET /bower_components/fabric/dist/fabric.min.js HTTP/1.1" 304 - "http://localhost:3000/backend/" "Mozilla/5.0 (Macintosh; Intel Mac OS X 10_11_1) AppleWebKit/537.36 (KHTML, like Gecko) Chrome/46.0.2490.86 Safari/537.36"
::1 - - [15/Nov/2015:08:09:09 +0000] "GET /bower_components/canvas2image/canvas2image/canvas2image.js HTTP/1.1" 304 - "http://localhost:3000/backend/" "Mozilla/5.0 (Macintosh; Intel Mac OS X 10_11_1) AppleWebKit/537.36 (KHTML, like Gecko) Chrome/46.0.2490.86 Safari/537.36"
::1 - - [15/Nov/2015:08:09:09 +0000] "GET /bower_components/svg-morpheus/compile/minified/svg-morpheus.js HTTP/1.1" 304 - "http://localhost:3000/backend/" "Mozilla/5.0 (Macintosh; Intel Mac OS X 10_11_1) AppleWebKit/537.36 (KHTML, like Gecko) Chrome/46.0.2490.86 Safari/537.36"
::1 - - [15/Nov/2015:08:09:09 +0000] "GET /backend/javascripts/AccountApplication.min.js HTTP/1.1" 304 - "http://localhost:3000/backend/" "Mozilla/5.0 (Macintosh; Intel Mac OS X 10_11_1) AppleWebKit/537.36 (KHTML, like Gecko) Chrome/46.0.2490.86 Safari/537.36"
::1 - - [15/Nov/2015:08:09:09 +0000] "GET /backend/javascripts/AccountControllers.min.js HTTP/1.1" 304 - "http://localhost:3000/backend/" "Mozilla/5.0 (Macintosh; Intel Mac OS X 10_11_1) AppleWebKit/537.36 (KHTML, like Gecko) Chrome/46.0.2490.86 Safari/537.36"
::1 - - [15/Nov/2015:08:09:09 +0000] "GET /javascripts/TopControllers.min.js HTTP/1.1" 304 - "http://localhost:3000/backend/" "Mozilla/5.0 (Macintosh; Intel Mac OS X 10_11_1) AppleWebKit/537.36 (KHTML, like Gecko) Chrome/46.0.2490.86 Safari/537.36"
::1 - - [15/Nov/2015:08:09:10 +0000] "GET /backend/partials/patient/start HTTP/1.1" 304 - "http://localhost:3000/backend/" "Mozilla/5.0 (Macintosh; Intel Mac OS X 10_11_1) AppleWebKit/537.36 (KHTML, like Gecko) Chrome/46.0.2490.86 Safari/537.36"
::1 - - [15/Nov/2015:08:09:10 +0000] "GET /favicons/favicon-16x16.png HTTP/1.1" 304 - "http://localhost:3000/backend/" "Mozilla/5.0 (Macintosh; Intel Mac OS X 10_11_1) AppleWebKit/537.36 (KHTML, like Gecko) Chrome/46.0.2490.86 Safari/537.36"
::1 - - [15/Nov/2015:08:09:10 +0000] "GET /favicons/favicon-96x96.png HTTP/1.1" 304 - "http://localhost:3000/backend/" "Mozilla/5.0 (Macintosh; Intel Mac OS X 10_11_1) AppleWebKit/537.36 (KHTML, like Gecko) Chrome/46.0.2490.86 Safari/537.36"
::1 - - [15/Nov/2015:08:09:10 +0000] "GET /favicons/android-chrome-192x192.png HTTP/1.1" 304 - "http://localhost:3000/backend/" "Mozilla/5.0 (Macintosh; Intel Mac OS X 10_11_1) AppleWebKit/537.36 (KHTML, like Gecko) Chrome/46.0.2490.86 Safari/537.36"
