[2015-12-17 21:03:25.467] [INFO] request - express Ok.
[2015-12-17 21:03:25.468] [INFO] request - emitter Ok.
[2015-12-17 21:03:30.719] [INFO] request - mongoose Ok.
[2015-12-17 21:03:30.882] [INFO] request - Grid Ok.
[2015-12-17 21:03:30.915] [INFO] request - lodash Ok.
[2015-12-17 21:03:30.915] [INFO] request - fs Ok.
[2015-12-17 21:03:30.915] [INFO] request - config Ok.
[2015-12-17 21:03:30.915] [INFO] request - config.dbaddress : localhost
[2015-12-17 21:03:30.952] [INFO] request - PatientModel Ok.
[2015-12-17 21:03:31.097] [INFO] request - AccountModel Ok.
[2015-12-17 21:03:31.150] [INFO] request - ViewModel Ok.
[2015-12-17 21:03:31.271] [INFO] request - FileModel Ok.
[2015-12-17 21:03:31.334] [INFO] request - ToHtml Ok.
[2015-12-17 21:03:31.335] [INFO] request - passport Ok.
[2015-12-17 21:03:31.362] [INFO] request - log4js Ok.
[2015-12-17 21:03:31.392] [INFO] request - log4js Ok.
[2015-12-17 21:57:19.238] [INFO] request - config.dbaddress : localhost
[2015-12-17 21:57:19.305] [INFO] request - express Ok.
[2015-12-17 21:57:19.739] [INFO] request - AccountController Ok.
[2015-12-17 21:57:19.741] [INFO] request - log4js Ok.
[2015-12-17 21:57:19.742] [INFO] request - ViewController Ok.
[2015-12-17 21:57:19.745] [INFO] request - FileController Ok.
[2015-12-17 21:57:19.915] [INFO] request - PdfController Ok.
[2015-12-17 21:57:19.919] [INFO] request - ConfigController Ok.
[2015-12-17 21:57:19.241] [INFO] request - -----------------------Invoke---------------------
[2015-12-17 21:57:19.305] [INFO] request - emitter Ok.
[2015-12-17 21:57:19.920] [INFO] request - wrapper Ok.
[2015-12-17 21:57:19.242] [INFO] request - log4js Ok.
[2015-12-17 21:57:19.560] [INFO] request - mongoose Ok.
[2015-12-17 21:57:19.920] [INFO] request - account_controller Ok.
[2015-12-17 21:57:19.242] [INFO] request - express Ok.
[2015-12-17 21:57:19.614] [INFO] request - Grid Ok.
[2015-12-17 21:57:19.920] [INFO] request - partient_controller Ok.
[2015-12-17 21:57:19.242] [INFO] request - fs Ok.
[2015-12-17 21:57:19.641] [INFO] request - lodash Ok.
[2015-12-17 21:57:19.920] [INFO] request - view_controller Ok.
[2015-12-17 21:57:19.242] [INFO] request - config Ok.
[2015-12-17 21:57:19.641] [INFO] request - fs Ok.
[2015-12-17 21:57:19.920] [INFO] request - file_controller Ok.
[2015-12-17 21:57:19.242] [INFO] request - path Ok.
[2015-12-17 21:57:19.641] [INFO] request - config Ok.
[2015-12-17 21:57:19.921] [INFO] request - pdf_controller Ok.
[2015-12-17 21:57:19.247] [INFO] request - favicon Ok.
[2015-12-17 21:57:19.641] [INFO] request - config.dbaddress : localhost
[2015-12-17 21:57:19.921] [INFO] request - config_controller Ok.
[2015-12-17 21:57:19.250] [INFO] request - cookie-parser Ok.
[2015-12-17 21:57:19.650] [INFO] request - PatientModel Ok.
[2015-12-17 21:57:19.921] [INFO] request - Index.js Start.
[2015-12-17 21:57:19.255] [INFO] request - body-parser Ok.
[2015-12-17 21:57:19.690] [INFO] request - AccountModel Ok.
[2015-12-17 21:57:19.941] [INFO] request - -----------------------Start---------------------
[2015-12-17 21:57:19.268] [INFO] request - passport Ok.
[2015-12-17 21:57:19.692] [INFO] request - ViewModel Ok.
[2015-12-17 21:57:19.941] [INFO] request - routes Ok.
[2015-12-17 21:57:19.272] [INFO] request - LocalStrategy Ok.
[2015-12-17 21:57:19.726] [INFO] request - FileModel Ok.
[2015-12-17 21:57:19.941] [INFO] request - Jade Start.
[2015-12-17 21:57:19.301] [INFO] request - session Ok.
[2015-12-17 21:57:19.728] [INFO] request - ToHtml Ok.
[2015-12-17 21:57:20.210] [INFO] request - mongoose Ok.
[2015-12-17 21:57:19.729] [INFO] request - passport Ok.
[2015-12-17 21:57:20.310] [INFO] request - MongoStore Ok.
[2015-12-17 21:57:19.731] [INFO] request - log4js Ok.
[2015-12-17 21:57:20.319] [INFO] request - Access Log OK.
[2015-12-17 21:57:19.732] [INFO] request - log4js Ok.
[2015-12-17 21:57:20.321] [INFO] request - Account Ok.
[2015-12-17 21:57:23.220] [TRACE] request - |enter FindOne 1000
[2015-12-17 21:57:23.220] [TRACE] request - |exit FindOne 1000
[2015-12-17 21:57:38.731] [TRACE] request - begin /patient/query/:query
[2015-12-17 21:57:38.732] [TRACE] request - |enter Guard 
[2015-12-17 21:57:38.732] [TRACE] request - |enter Authenticate 5000
[2015-12-17 21:57:38.734] [TRACE] request - |exit Authenticate 5000
[2015-12-17 21:57:38.734] [TRACE] request - |exit Guard 
[2015-12-17 21:57:38.740] [TRACE] request - |enter Find 5000
[2015-12-17 21:57:38.743] [TRACE] request - end /patient/query/:query
[2015-12-17 21:57:38.744] [TRACE] request - |exit Find 5000
[2015-12-17 21:57:40.592] [TRACE] request - begin /account/query/:query
[2015-12-17 21:57:40.592] [TRACE] request - |enter Guard 
[2015-12-17 21:57:40.593] [TRACE] request - |exit Guard 
[2015-12-17 21:57:40.596] [TRACE] request - |enter Find 14000
[2015-12-17 21:57:40.598] [TRACE] request - end /account/query/:query
[2015-12-17 21:57:40.598] [TRACE] request - |exit Find 14000
[2015-12-17 21:57:47.138] [TRACE] request - begin /config
[2015-12-17 21:57:47.139] [TRACE] request - |enter Guard 
[2015-12-17 21:57:47.139] [TRACE] request - |enter Authenticate 16000
[2015-12-17 21:57:47.140] [TRACE] request - end /config
[2015-12-17 21:57:47.140] [TRACE] request - |exit Authenticate 16000
[2015-12-17 21:57:47.141] [TRACE] request - |exit Guard 
[2015-12-17 21:57:54.049] [TRACE] request - begin /view/:id
[2015-12-17 21:57:54.049] [TRACE] request - |enter Guard 
[2015-12-17 21:57:54.049] [TRACE] request - |enter Authenticate 23000
[2015-12-17 21:57:54.049] [TRACE] request - |exit Authenticate 23000
[2015-12-17 21:57:54.049] [TRACE] request - |exit Guard 
[2015-12-17 21:57:54.064] [TRACE] request - |enter Find 23000
[2015-12-17 21:57:54.075] [TRACE] request - end /view/:id
[2015-12-17 21:57:54.075] [TRACE] request - |exit Find 23000
[2015-12-17 21:57:56.682] [TRACE] request - begin /config
[2015-12-17 21:57:56.682] [TRACE] request - |enter Guard 
[2015-12-17 21:57:56.682] [TRACE] request - |enter Authenticate 16000
[2015-12-17 21:57:56.683] [TRACE] request - end /config
[2015-12-17 21:57:56.683] [TRACE] request - |exit Authenticate 16000
[2015-12-17 21:57:56.683] [TRACE] request - |exit Guard 
[2015-12-17 21:58:02.220] [TRACE] request - begin /config
[2015-12-17 21:58:02.220] [TRACE] request - |enter Guard 
[2015-12-17 21:58:02.220] [TRACE] request - |enter Authenticate 16000
[2015-12-17 21:58:02.221] [TRACE] request - end /config
[2015-12-17 21:58:02.221] [TRACE] request - |exit Authenticate 16000
[2015-12-17 21:58:02.221] [TRACE] request - |exit Guard 
[2015-12-17 21:58:03.853] [TRACE] request - begin /view/:id
[2015-12-17 21:58:03.853] [TRACE] request - |enter Guard 
[2015-12-17 21:58:03.853] [TRACE] request - |enter Authenticate 23000
[2015-12-17 21:58:03.853] [TRACE] request - |exit Authenticate 23000
[2015-12-17 21:58:03.853] [TRACE] request - |exit Guard 
[2015-12-17 21:58:03.858] [TRACE] request - |enter Find 23000
[2015-12-17 21:58:03.864] [TRACE] request - end /view/:id
[2015-12-17 21:58:03.864] [TRACE] request - |exit Find 23000
[2015-12-17 21:58:07.982] [TRACE] request - begin /view/:id
[2015-12-17 21:58:07.982] [TRACE] request - |enter Guard 
[2015-12-17 21:58:07.984] [TRACE] request - |exit Guard 
[2015-12-17 21:58:07.986] [TRACE] request - |enter FindById 20000
[2015-12-17 21:58:07.987] [TRACE] request - |exit FindById 20000
[2015-12-17 21:58:11.054] [TRACE] request - begin /view/:id
[2015-12-17 21:58:11.054] [TRACE] request - |enter Guard 
[2015-12-17 21:58:11.054] [TRACE] request - |enter Authenticate 23000
[2015-12-17 21:58:11.054] [TRACE] request - |exit Authenticate 23000
[2015-12-17 21:58:11.054] [TRACE] request - |exit Guard 
[2015-12-17 21:58:11.064] [TRACE] request - |enter Find 23000
[2015-12-17 21:58:11.074] [TRACE] request - end /view/:id
[2015-12-17 21:58:11.074] [TRACE] request - |exit Find 23000
[2015-12-17 21:58:13.971] [TRACE] request - begin /view/:id
[2015-12-17 21:58:13.971] [TRACE] request - |enter Guard 
[2015-12-17 21:58:13.971] [TRACE] request - |exit Guard 
[2015-12-17 21:58:13.973] [TRACE] request - |enter FindById 20000
[2015-12-17 21:58:13.976] [TRACE] request - |exit FindById 20000
[2015-12-17 22:02:51.442] [TRACE] request - begin /view/:id
[2015-12-17 22:02:51.442] [TRACE] request - |enter Guard 
[2015-12-17 22:02:51.442] [TRACE] request - |enter Authenticate 23000
[2015-12-17 22:02:51.443] [TRACE] request - |exit Authenticate 23000
[2015-12-17 22:02:51.443] [TRACE] request - |exit Guard 
[2015-12-17 22:02:51.448] [TRACE] request - |enter Find 23000
[2015-12-17 22:02:51.453] [TRACE] request - end /view/:id
[2015-12-17 22:02:51.454] [TRACE] request - |exit Find 23000
[2015-12-17 22:57:49.874] [TRACE] request - begin /config
[2015-12-17 22:57:49.874] [TRACE] request - |enter Guard 
[2015-12-17 22:57:49.875] [TRACE] request - |enter Authenticate 16000
[2015-12-17 22:57:49.875] [TRACE] request - end /config
[2015-12-17 22:57:49.875] [TRACE] request - |exit Authenticate 16000
[2015-12-17 22:57:49.876] [TRACE] request - |exit Guard 
[2015-12-17 22:57:51.143] [TRACE] request - begin /view/:id
[2015-12-17 22:57:51.144] [TRACE] request - |enter Guard 
[2015-12-17 22:57:51.144] [TRACE] request - |enter Authenticate 23000
[2015-12-17 22:57:51.144] [TRACE] request - |exit Authenticate 23000
[2015-12-17 22:57:51.144] [TRACE] request - |exit Guard 
[2015-12-17 22:57:51.149] [TRACE] request - |enter Find 23000
[2015-12-17 22:57:51.156] [TRACE] request - end /view/:id
[2015-12-17 22:57:51.156] [TRACE] request - |exit Find 23000
[2015-12-17 22:57:52.989] [TRACE] request - begin /config
[2015-12-17 22:57:52.989] [TRACE] request - |enter Guard 
[2015-12-17 22:57:52.989] [TRACE] request - |enter Authenticate 16000
[2015-12-17 22:57:52.990] [TRACE] request - end /config
[2015-12-17 22:57:52.990] [TRACE] request - |exit Authenticate 16000
[2015-12-17 22:57:52.990] [TRACE] request - |exit Guard 
[2015-12-17 22:57:57.994] [TRACE] request - begin /view/:id
[2015-12-17 22:57:57.994] [TRACE] request - |enter Guard 
[2015-12-17 22:57:57.994] [TRACE] request - |enter Authenticate 23000
[2015-12-17 22:57:57.995] [TRACE] request - |exit Authenticate 23000
[2015-12-17 22:57:57.995] [TRACE] request - |exit Guard 
[2015-12-17 22:57:58.001] [TRACE] request - |enter Find 23000
[2015-12-17 22:57:58.015] [TRACE] request - end /view/:id
[2015-12-17 22:57:58.015] [TRACE] request - |exit Find 23000
[2015-12-17 22:58:02.976] [TRACE] request - begin /config
[2015-12-17 22:58:02.976] [TRACE] request - |enter Guard 
[2015-12-17 22:58:02.976] [TRACE] request - |enter Authenticate 16000
[2015-12-17 22:58:02.977] [TRACE] request - end /config
[2015-12-17 22:58:02.977] [TRACE] request - |exit Authenticate 16000
[2015-12-17 22:58:02.977] [TRACE] request - |exit Guard 
[2015-12-17 22:59:34.188] [TRACE] request - begin /config
[2015-12-17 22:59:34.188] [TRACE] request - |enter Guard 
[2015-12-17 22:59:34.188] [TRACE] request - |enter Authenticate 16000
[2015-12-17 22:59:34.189] [TRACE] request - end /config
[2015-12-17 22:59:34.189] [TRACE] request - |exit Authenticate 16000
[2015-12-17 22:59:34.189] [TRACE] request - |exit Guard 
[2015-12-17 23:00:47.894] [TRACE] request - begin /config
[2015-12-17 23:00:47.894] [TRACE] request - |enter Guard 
[2015-12-17 23:00:47.894] [TRACE] request - |enter Authenticate 16000
[2015-12-17 23:00:47.895] [TRACE] request - end /config
[2015-12-17 23:00:47.895] [TRACE] request - |exit Authenticate 16000
[2015-12-17 23:00:47.895] [TRACE] request - |exit Guard 
[2015-12-17 23:01:28.326] [TRACE] request - begin /config
[2015-12-17 23:01:28.326] [TRACE] request - |enter Guard 
[2015-12-17 23:01:28.326] [TRACE] request - |enter Authenticate 16000
[2015-12-17 23:01:28.327] [TRACE] request - end /config
[2015-12-17 23:01:28.327] [TRACE] request - |exit Authenticate 16000
[2015-12-17 23:01:28.327] [TRACE] request - |exit Guard 
[2015-12-17 23:02:03.853] [TRACE] request - begin /config
[2015-12-17 23:02:03.853] [TRACE] request - |enter Guard 
[2015-12-17 23:02:03.853] [TRACE] request - |enter Authenticate 16000
[2015-12-17 23:02:03.854] [TRACE] request - end /config
[2015-12-17 23:02:03.854] [TRACE] request - |exit Authenticate 16000
[2015-12-17 23:02:03.854] [TRACE] request - |exit Guard 
[2015-12-17 23:02:46.970] [TRACE] request - begin /config
[2015-12-17 23:02:46.970] [TRACE] request - |enter Guard 
[2015-12-17 23:02:46.970] [TRACE] request - |enter Authenticate 16000
[2015-12-17 23:02:46.971] [TRACE] request - end /config
[2015-12-17 23:02:46.971] [TRACE] request - |exit Authenticate 16000
[2015-12-17 23:02:46.971] [TRACE] request - |exit Guard 
[2015-12-17 23:03:52.128] [TRACE] request - begin /view/:id
[2015-12-17 23:03:52.128] [TRACE] request - |enter Guard 
[2015-12-17 23:03:52.128] [TRACE] request - |enter Authenticate 23000
[2015-12-17 23:03:52.129] [TRACE] request - |exit Authenticate 23000
[2015-12-17 23:03:52.129] [TRACE] request - |exit Guard 
[2015-12-17 23:03:52.141] [TRACE] request - |enter Find 23000
[2015-12-17 23:03:52.151] [TRACE] request - end /view/:id
[2015-12-17 23:03:52.151] [TRACE] request - |exit Find 23000
[2015-12-17 23:04:03.256] [TRACE] request - begin /config
[2015-12-17 23:04:03.256] [TRACE] request - |enter Guard 
[2015-12-17 23:04:03.257] [TRACE] request - |enter Authenticate 16000
[2015-12-17 23:04:03.258] [TRACE] request - end /config
[2015-12-17 23:04:03.258] [TRACE] request - |exit Authenticate 16000
[2015-12-17 23:04:03.258] [TRACE] request - |exit Guard 
[2015-12-17 23:06:10.171] [TRACE] request - begin /config
[2015-12-17 23:06:10.171] [TRACE] request - |enter Guard 
[2015-12-17 23:06:10.171] [TRACE] request - |enter Authenticate 16000
[2015-12-17 23:06:10.172] [TRACE] request - end /config
[2015-12-17 23:06:10.172] [TRACE] request - |exit Authenticate 16000
[2015-12-17 23:06:10.172] [TRACE] request - |exit Guard 
[2015-12-17 23:06:28.430] [TRACE] request - begin /config
[2015-12-17 23:06:28.430] [TRACE] request - |enter Guard 
[2015-12-17 23:06:28.430] [TRACE] request - |enter Authenticate 16000
[2015-12-17 23:06:28.431] [TRACE] request - end /config
[2015-12-17 23:06:28.431] [TRACE] request - |exit Authenticate 16000
[2015-12-17 23:06:28.431] [TRACE] request - |exit Guard 
[2015-12-17 23:08:31.161] [TRACE] request - begin /patient/query/:query
[2015-12-17 23:08:31.161] [TRACE] request - |enter Guard 
[2015-12-17 23:08:31.161] [TRACE] request - |enter Authenticate 5000
[2015-12-17 23:08:31.162] [TRACE] request - |exit Authenticate 5000
[2015-12-17 23:08:31.162] [TRACE] request - |exit Guard 
[2015-12-17 23:08:31.168] [TRACE] request - |enter Find 5000
[2015-12-17 23:08:31.170] [TRACE] request - end /patient/query/:query
[2015-12-17 23:08:31.170] [TRACE] request - |exit Find 5000
[2015-12-17 23:09:07.307] [TRACE] request - begin /patient/query/:query
[2015-12-17 23:09:07.307] [TRACE] request - |enter Guard 
[2015-12-17 23:09:07.307] [TRACE] request - |enter Authenticate 5000
[2015-12-17 23:09:07.307] [TRACE] request - |exit Authenticate 5000
[2015-12-17 23:09:07.307] [TRACE] request - |exit Guard 
[2015-12-17 23:09:07.310] [TRACE] request - |enter Find 5000
[2015-12-17 23:09:07.311] [TRACE] request - end /patient/query/:query
[2015-12-17 23:09:07.311] [TRACE] request - |exit Find 5000
[2015-12-17 23:09:27.444] [TRACE] request - begin /patient/query/:query
[2015-12-17 23:09:27.444] [TRACE] request - |enter Guard 
[2015-12-17 23:09:27.444] [TRACE] request - |enter Authenticate 5000
[2015-12-17 23:09:27.444] [TRACE] request - |exit Authenticate 5000
[2015-12-17 23:09:27.444] [TRACE] request - |exit Guard 
[2015-12-17 23:09:27.446] [TRACE] request - |enter Find 5000
[2015-12-17 23:09:27.447] [TRACE] request - end /patient/query/:query
[2015-12-17 23:09:27.447] [TRACE] request - |exit Find 5000
[2015-12-17 23:17:20.487] [TRACE] request - begin /patient/query/:query
[2015-12-17 23:17:20.488] [TRACE] request - |enter Guard 
[2015-12-17 23:17:20.488] [TRACE] request - |enter Authenticate 5000
[2015-12-17 23:17:20.488] [TRACE] request - |exit Authenticate 5000
[2015-12-17 23:17:20.488] [TRACE] request - |exit Guard 
[2015-12-17 23:17:20.490] [TRACE] request - |enter Find 5000
[2015-12-17 23:17:20.492] [TRACE] request - end /patient/query/:query
[2015-12-17 23:17:20.492] [TRACE] request - |exit Find 5000
[2015-12-17 23:18:01.155] [TRACE] request - begin /patient/query/:query
[2015-12-17 23:18:01.155] [TRACE] request - |enter Guard 
[2015-12-17 23:18:01.155] [TRACE] request - |enter Authenticate 5000
[2015-12-17 23:18:01.155] [TRACE] request - |exit Authenticate 5000
[2015-12-17 23:18:01.155] [TRACE] request - |exit Guard 
[2015-12-17 23:18:01.157] [TRACE] request - |enter Find 5000
[2015-12-17 23:18:01.159] [TRACE] request - end /patient/query/:query
[2015-12-17 23:18:01.159] [TRACE] request - |exit Find 5000
[2015-12-17 23:20:01.082] [TRACE] request - begin /patient/query/:query
[2015-12-17 23:20:01.082] [TRACE] request - |enter Guard 
[2015-12-17 23:20:01.082] [TRACE] request - |enter Authenticate 5000
[2015-12-17 23:20:01.082] [TRACE] request - |exit Authenticate 5000
[2015-12-17 23:20:01.082] [TRACE] request - |exit Guard 
[2015-12-17 23:20:01.084] [TRACE] request - |enter Find 5000
[2015-12-17 23:20:01.085] [TRACE] request - end /patient/query/:query
[2015-12-17 23:20:01.086] [TRACE] request - |exit Find 5000
[2015-12-17 23:20:41.261] [TRACE] request - begin /patient/query/:query
[2015-12-17 23:20:41.261] [TRACE] request - |enter Guard 
[2015-12-17 23:20:41.261] [TRACE] request - |enter Authenticate 5000
[2015-12-17 23:20:41.261] [TRACE] request - |exit Authenticate 5000
[2015-12-17 23:20:41.261] [TRACE] request - |exit Guard 
[2015-12-17 23:20:41.264] [TRACE] request - |enter Find 5000
[2015-12-17 23:20:41.265] [TRACE] request - end /patient/query/:query
[2015-12-17 23:20:41.265] [TRACE] request - |exit Find 5000
[2015-12-17 23:22:39.432] [TRACE] request - begin /patient/query/:query
[2015-12-17 23:22:39.432] [TRACE] request - |enter Guard 
[2015-12-17 23:22:39.432] [TRACE] request - |enter Authenticate 5000
[2015-12-17 23:22:39.433] [TRACE] request - |exit Authenticate 5000
[2015-12-17 23:22:39.433] [TRACE] request - |exit Guard 
[2015-12-17 23:22:39.435] [TRACE] request - |enter Find 5000
[2015-12-17 23:22:39.436] [TRACE] request - end /patient/query/:query
[2015-12-17 23:22:39.436] [TRACE] request - |exit Find 5000
[2015-12-17 23:23:08.409] [TRACE] request - begin /patient/query/:query
[2015-12-17 23:23:08.409] [TRACE] request - |enter Guard 
[2015-12-17 23:23:08.409] [TRACE] request - |enter Authenticate 5000
[2015-12-17 23:23:08.409] [TRACE] request - |exit Authenticate 5000
[2015-12-17 23:23:08.409] [TRACE] request - |exit Guard 
[2015-12-17 23:23:08.411] [TRACE] request - |enter Find 5000
[2015-12-17 23:23:08.413] [TRACE] request - end /patient/query/:query
[2015-12-17 23:23:08.413] [TRACE] request - |exit Find 5000
[2015-12-17 23:24:11.921] [TRACE] request - begin /patient/query/:query
[2015-12-17 23:24:11.921] [TRACE] request - |enter Guard 
[2015-12-17 23:24:11.921] [TRACE] request - |enter Authenticate 5000
[2015-12-17 23:24:11.921] [TRACE] request - |exit Authenticate 5000
[2015-12-17 23:24:11.921] [TRACE] request - |exit Guard 
[2015-12-17 23:24:11.923] [TRACE] request - |enter Find 5000
[2015-12-17 23:24:11.924] [TRACE] request - end /patient/query/:query
[2015-12-17 23:24:11.924] [TRACE] request - |exit Find 5000
[2015-12-17 23:24:34.505] [TRACE] request - begin /patient/query/:query
[2015-12-17 23:24:34.505] [TRACE] request - |enter Guard 
[2015-12-17 23:24:34.505] [TRACE] request - |enter Authenticate 5000
[2015-12-17 23:24:34.505] [TRACE] request - |exit Authenticate 5000
[2015-12-17 23:24:34.505] [TRACE] request - |exit Guard 
[2015-12-17 23:24:34.507] [TRACE] request - |enter Find 5000
[2015-12-17 23:24:34.509] [TRACE] request - end /patient/query/:query
[2015-12-17 23:24:34.509] [TRACE] request - |exit Find 5000
[2015-12-17 23:25:18.332] [TRACE] request - begin /patient/query/:query
[2015-12-17 23:25:18.332] [TRACE] request - |enter Guard 
[2015-12-17 23:25:18.332] [TRACE] request - |enter Authenticate 5000
[2015-12-17 23:25:18.333] [TRACE] request - |exit Authenticate 5000
[2015-12-17 23:25:18.333] [TRACE] request - |exit Guard 
[2015-12-17 23:25:18.335] [TRACE] request - |enter Find 5000
[2015-12-17 23:25:18.336] [TRACE] request - end /patient/query/:query
[2015-12-17 23:25:18.336] [TRACE] request - |exit Find 5000
[2015-12-17 23:26:00.140] [TRACE] request - begin /patient/query/:query
[2015-12-17 23:26:00.140] [TRACE] request - |enter Guard 
[2015-12-17 23:26:00.140] [TRACE] request - |enter Authenticate 5000
[2015-12-17 23:26:00.141] [TRACE] request - |exit Authenticate 5000
[2015-12-17 23:26:00.141] [TRACE] request - |exit Guard 
[2015-12-17 23:26:00.143] [TRACE] request - |enter Find 5000
[2015-12-17 23:26:00.145] [TRACE] request - end /patient/query/:query
[2015-12-17 23:26:00.145] [TRACE] request - |exit Find 5000
[2015-12-17 23:26:51.962] [TRACE] request - begin /patient/query/:query
[2015-12-17 23:26:51.962] [TRACE] request - |enter Guard 
[2015-12-17 23:26:51.963] [TRACE] request - |enter Authenticate 5000
[2015-12-17 23:26:51.963] [TRACE] request - |exit Authenticate 5000
[2015-12-17 23:26:51.963] [TRACE] request - |exit Guard 
[2015-12-17 23:26:51.965] [TRACE] request - |enter Find 5000
[2015-12-17 23:26:51.967] [TRACE] request - end /patient/query/:query
[2015-12-17 23:26:51.967] [TRACE] request - |exit Find 5000
[2015-12-17 23:26:54.703] [TRACE] request - begin /patient/query/:query
[2015-12-17 23:26:54.704] [TRACE] request - |enter Guard 
[2015-12-17 23:26:54.704] [TRACE] request - |enter Authenticate 5000
[2015-12-17 23:26:54.704] [TRACE] request - |exit Authenticate 5000
[2015-12-17 23:26:54.704] [TRACE] request - |exit Guard 
[2015-12-17 23:26:54.705] [TRACE] request - |enter Find 5000
[2015-12-17 23:26:54.707] [TRACE] request - end /patient/query/:query
[2015-12-17 23:26:54.707] [TRACE] request - |exit Find 5000
[2015-12-17 23:28:28.689] [TRACE] request - begin /patient/query/:query
[2015-12-17 23:28:28.689] [TRACE] request - |enter Guard 
[2015-12-17 23:28:28.689] [TRACE] request - |enter Authenticate 5000
[2015-12-17 23:28:28.689] [TRACE] request - |exit Authenticate 5000
[2015-12-17 23:28:28.689] [TRACE] request - |exit Guard 
[2015-12-17 23:28:28.691] [TRACE] request - |enter Find 5000
[2015-12-17 23:28:28.692] [TRACE] request - end /patient/query/:query
[2015-12-17 23:28:28.693] [TRACE] request - |exit Find 5000
[2015-12-17 23:28:56.273] [TRACE] request - begin /patient/query/:query
[2015-12-17 23:28:56.273] [TRACE] request - |enter Guard 
[2015-12-17 23:28:56.273] [TRACE] request - |enter Authenticate 5000
[2015-12-17 23:28:56.274] [TRACE] request - |exit Authenticate 5000
[2015-12-17 23:28:56.274] [TRACE] request - |exit Guard 
[2015-12-17 23:28:56.276] [TRACE] request - |enter Find 5000
[2015-12-17 23:28:56.277] [TRACE] request - end /patient/query/:query
[2015-12-17 23:28:56.277] [TRACE] request - |exit Find 5000
[2015-12-17 23:31:31.461] [TRACE] request - begin /patient/query/:query
[2015-12-17 23:31:31.461] [TRACE] request - |enter Guard 
[2015-12-17 23:31:31.461] [TRACE] request - |enter Authenticate 5000
[2015-12-17 23:31:31.462] [TRACE] request - |exit Authenticate 5000
[2015-12-17 23:31:31.462] [TRACE] request - |exit Guard 
[2015-12-17 23:31:31.464] [TRACE] request - |enter Find 5000
[2015-12-17 23:31:31.466] [TRACE] request - end /patient/query/:query
[2015-12-17 23:31:31.466] [TRACE] request - |exit Find 5000
[2015-12-17 23:32:07.514] [TRACE] request - begin /patient/query/:query
[2015-12-17 23:32:07.514] [TRACE] request - |enter Guard 
[2015-12-17 23:32:07.515] [TRACE] request - |enter Authenticate 5000
[2015-12-17 23:32:07.515] [TRACE] request - |exit Authenticate 5000
[2015-12-17 23:32:07.515] [TRACE] request - |exit Guard 
[2015-12-17 23:32:07.517] [TRACE] request - |enter Find 5000
[2015-12-17 23:32:07.519] [TRACE] request - end /patient/query/:query
[2015-12-17 23:32:07.519] [TRACE] request - |exit Find 5000
[2015-12-17 23:32:21.998] [TRACE] request - begin /account/query/:query
[2015-12-17 23:32:21.999] [TRACE] request - |enter Guard 
[2015-12-17 23:32:21.999] [TRACE] request - |exit Guard 
[2015-12-17 23:32:22.001] [TRACE] request - |enter Find 14000
[2015-12-17 23:32:22.002] [TRACE] request - end /account/query/:query
[2015-12-17 23:32:22.002] [TRACE] request - |exit Find 14000
[2015-12-17 23:32:24.560] [TRACE] request - begin /patient/query/:query
[2015-12-17 23:32:24.560] [TRACE] request - |enter Guard 
[2015-12-17 23:32:24.560] [TRACE] request - |enter Authenticate 5000
[2015-12-17 23:32:24.560] [TRACE] request - |exit Authenticate 5000
[2015-12-17 23:32:24.560] [TRACE] request - |exit Guard 
[2015-12-17 23:32:24.562] [TRACE] request - |enter Find 5000
[2015-12-17 23:32:24.563] [TRACE] request - end /patient/query/:query
[2015-12-17 23:32:24.564] [TRACE] request - |exit Find 5000
[2015-12-17 23:32:26.688] [TRACE] request - begin /view/:id
[2015-12-17 23:32:26.688] [TRACE] request - |enter Guard 
[2015-12-17 23:32:26.688] [TRACE] request - |enter Authenticate 23000
[2015-12-17 23:32:26.688] [TRACE] request - |exit Authenticate 23000
[2015-12-17 23:32:26.688] [TRACE] request - |exit Guard 
[2015-12-17 23:32:26.704] [TRACE] request - |enter Find 23000
[2015-12-17 23:32:26.709] [TRACE] request - end /view/:id
[2015-12-17 23:32:26.709] [TRACE] request - |exit Find 23000
[2015-12-17 23:32:37.532] [TRACE] request - begin /config
[2015-12-17 23:32:37.533] [TRACE] request - |enter Guard 
[2015-12-17 23:32:37.533] [TRACE] request - |enter Authenticate 16000
[2015-12-17 23:32:37.533] [TRACE] request - end /config
[2015-12-17 23:32:37.533] [TRACE] request - |exit Authenticate 16000
[2015-12-17 23:32:37.534] [TRACE] request - |exit Guard 
